[debug] [2021-02-15T13:23:52.597Z] ----------------------------------------------------------------------
[debug] [2021-02-15T13:23:52.602Z] Command:       C:\Program Files\nodejs\node.exe C:\Users\sonia\AppData\Roaming\npm\node_modules\firebase-tools\lib\bin\firebase.js deploy
[debug] [2021-02-15T13:23:52.602Z] CLI Version:   7.14.0
[debug] [2021-02-15T13:23:52.602Z] Platform:      win32
[debug] [2021-02-15T13:23:52.602Z] Node Version:  v12.13.0
[debug] [2021-02-15T13:23:52.611Z] Time:          Mon Feb 15 2021 14:23:52 GMT+0100 (GMT+01:00)
[debug] [2021-02-15T13:23:52.611Z] ----------------------------------------------------------------------
[debug] [2021-02-15T13:23:52.611Z] 
[debug] [2021-02-15T13:23:52.622Z] > command requires scopes: ["email","openid","https://www.googleapis.com/auth/cloudplatformprojects.readonly","https://www.googleapis.com/auth/firebase","https://www.googleapis.com/auth/cloud-platform"]
[debug] [2021-02-15T13:23:52.622Z] > authorizing via signed-in user
[debug] [2021-02-15T13:23:52.622Z] [iam] checking project sonia-angular-movies for permissions ["firebase.projects.get","firebasehosting.sites.update"]
[debug] [2021-02-15T13:23:52.624Z] > refreshing access token with scopes: ["email","https://www.googleapis.com/auth/cloud-platform","https://www.googleapis.com/auth/cloudplatformprojects.readonly","https://www.googleapis.com/auth/firebase","openid"]
[debug] [2021-02-15T13:23:52.624Z] >>> HTTP REQUEST POST https://www.googleapis.com/oauth2/v3/token  
 <request body omitted>
[debug] [2021-02-15T13:23:52.837Z] <<< HTTP RESPONSE 400
[debug] [2021-02-15T13:23:52.849Z] >>> HTTP REQUEST POST https://cloudresourcemanager.googleapis.com/v1/projects/sonia-angular-movies:testIamPermissions  

[debug] [2021-02-15T13:23:53.769Z] <<< HTTP RESPONSE 401
[debug] [2021-02-15T13:23:53.769Z] <<< HTTP RESPONSE BODY
[debug] [2021-02-15T13:23:53.773Z] [iam] error while checking permissions, command may fail: FirebaseError: HTTP Error: 401, Request had invalid authentication credentials. Expected OAuth 2 access token, login cookie or other valid authentication credential. See https://developers.google.com/identity/sign-in/web/devconsole-project.
[debug] [2021-02-15T13:23:53.775Z] > refreshing access token with scopes: ["email","https://www.googleapis.com/auth/cloud-platform","https://www.googleapis.com/auth/cloudplatformprojects.readonly","https://www.googleapis.com/auth/firebase","openid"]
[debug] [2021-02-15T13:23:53.776Z] >>> HTTP REQUEST POST https://www.googleapis.com/oauth2/v3/token  
 <request body omitted>
[debug] [2021-02-15T13:23:53.940Z] <<< HTTP RESPONSE 400
[debug] [2021-02-15T13:23:53.941Z] >>> HTTP REQUEST GET https://firebase.googleapis.com/v1beta1/projects/sonia-angular-movies  
 
[debug] [2021-02-15T13:23:54.127Z] <<< HTTP RESPONSE 401
[debug] [2021-02-15T13:23:54.127Z] <<< HTTP RESPONSE BODY
[debug] [2021-02-15T13:23:54.129Z] HTTP Error: 401, Request had invalid authentication credentials. Expected OAuth 2 access token, login cookie or other valid authentication credential. See https://developers.google.com/identity/sign-in/web/devconsole-project.
[debug] [2021-02-15T13:23:54.317Z] FirebaseError: HTTP Error: 401, Request had invalid authentication credentials. Expected OAuth 2 access token, login cookie or other valid authentication credential. See https://developers.google.com/identity/sign-in/web/devconsole-project.
    at module.exports (C:\Users\sonia\AppData\Roaming\npm\node_modules\firebase-tools\lib\responseToError.js:38:12)
    at Request._callback (C:\Users\sonia\AppData\Roaming\npm\node_modules\firebase-tools\lib\api.js:39:35)
    at Request.self.callback (C:\Users\sonia\AppData\Roaming\npm\node_modules\firebase-tools\node_modules\request\request.js:185:22)
    at Request.emit (events.js:210:5)
    at Request.EventEmitter.emit (domain.js:476:20)
    at Request.<anonymous> (C:\Users\sonia\AppData\Roaming\npm\node_modules\firebase-tools\node_modules\request\request.js:1154:10)
    at Request.emit (events.js:210:5)
    at Request.EventEmitter.emit (domain.js:476:20)
    at IncomingMessage.<anonymous> (C:\Users\sonia\AppData\Roaming\npm\node_modules\firebase-tools\node_modules\request\request.js:1076:12)
    at Object.onceWrapper (events.js:299:28)
    at IncomingMessage.emit (events.js:215:7)
    at IncomingMessage.EventEmitter.emit (domain.js:476:20)
    at endReadableNT (_stream_readable.js:1183:12)
    at processTicksAndRejections (internal/process/task_queues.js:80:21)
[error] 
[error] Error: Failed to get Firebase project sonia-angular-movies. Please make sure the project exists and your account has permission to access it.
